1693816187611	geckodriver	INFO	Listening on 127.0.0.1:1203
1693816190672	mozrunner::runner	INFO	Running command: "C:\\Program Files\\Mozilla Firefox\\firefox.exe" "--marionette" "--remote-debugging-port" "1204" "--remote-allow-hosts" "localhost" "-no-remote" "-profile" "D:\\Temp\\rust_mozprofileaa7IiS"
console.warn: services.settings: Ignoring preference override of remote settings server
console.warn: services.settings: Allow by setting MOZ_REMOTE_SETTINGS_DEVTOOLS=1 in the environment
1693816191003	Marionette	INFO	Marionette enabled
Dynamically enable window occlusion 0
1693816191066	Marionette	INFO	Listening on port 1217
WebDriver BiDi listening on ws://127.0.0.1:1204
Read port: 1217
1693816191228	RemoteAgent	WARN	TLS certificate errors will be ignored for this session
DevTools listening on ws://127.0.0.1:1204/devtools/browser/b95fb2ee-cdf5-4c51-a09d-bb41b3c61392
1693816192714	Marionette	WARN	Ignoring event 'DOMContentLoaded' because document has an invalid readyState of 'complete'.
[Parent 5180, IPC I/O Parent] WARNING: DuplicateHandle failed for handle 0 in TransferHandles: file /builds/worker/checkouts/gecko/ipc/chromium/src/chrome/common/ipc_channel_win.cc:621
[GPU 15716, IPC I/O Child] WARNING: pipe error: 232: file /builds/worker/checkouts/gecko/ipc/chromium/src/chrome/common/ipc_channel_win.cc:443
[Parent 5180, IPC I/O Parent] WARNING: DuplicateHandle failed for handle 0 in TransferHandles: file /builds/worker/checkouts/gecko/ipc/chromium/src/chrome/common/ipc_channel_win.cc:621
[GPU 15716, IPC I/O Child] WARNING: pipe error: 232: file /builds/worker/checkouts/gecko/ipc/chromium/src/chrome/common/ipc_channel_win.cc:443
JavaScript warning: https://emcharts.dfcfw.com/usercollect/usercollect.min.js, line 3: WEBGL_debug_renderer_info is deprecated in Firefox and will be removed. Please use RENDERER.
JavaScript error: , line 0: uncaught exception: Your jsonp request to https://push2.eastmoney.com/api/qt/ulist.np/get?fltt=2&np=3&ut=a79f54e3d4c8d44e494efb8f748db291&invt=2&secids=0.300059,1.000001,0.399001,1.000300,0.399005,0.399006,1.600030,1.601318,1.601099,1.603000,0.002261,1.601012,0.000858,0.000625,1.600031,1.600036,1.603767,0.300045,1.601127,0.002235,1.603270,0.000980,1.600280,0.000158,1.600257&fields=f2,f3,f4,f5,f6,f7,f21,f8,f9,f229,f230,f234,f12,f125,f232,f233,f348,f13,f14&cb=qa_wap_jsonpCB1693816201523 is fail, please check your url or params again.
JavaScript error: , line 0: uncaught exception: Your jsonp request to https://push2.eastmoney.com/api/qt/ulist.np/get?fltt=2&np=3&ut=a79f54e3d4c8d44e494efb8f748db291&invt=2&secids=0.300059,1.000001,0.399001,1.000300,0.399005,0.399006,1.600030,1.601318,1.601099,1.603000,0.002261,1.601012,0.000858,0.000625,1.600031,1.600036,1.603767,0.300045,1.601127,0.002235,1.603270,0.000980,1.600280,0.000158,1.600257&fields=f2,f3,f4,f5,f6,f7,f21,f8,f9,f229,f230,f234,f12,f125,f232,f233,f348,f13,f14&cb=qa_wap_jsonpCB1693816201523 is fail, please check your url or params again.
JavaScript error: , line 0: uncaught exception: Your jsonp request to https://push2.eastmoney.com/api/qt/ulist.np/get?fltt=2&np=3&ut=a79f54e3d4c8d44e494efb8f748db291&invt=2&secids=0.300059,1.000001,0.399001,1.000300,0.399005,0.399006,1.600030,1.601318,1.601099,1.603000,0.002261,1.601012,0.000858,0.000625,1.600031,1.600036,1.603767,0.300045,1.601127,0.002235,1.603270,0.000980,1.600280,0.000158,1.600257&fields=f2,f3,f4,f5,f6,f7,f21,f8,f9,f229,f230,f234,f12,f125,f232,f233,f348,f13,f14&cb=qa_wap_jsonpCB1693816201523 is fail, please check your url or params again.
JavaScript error: , line 0: uncaught exception: Your jsonp request to https://push2.eastmoney.com/api/qt/ulist.np/get?fltt=2&np=3&ut=a79f54e3d4c8d44e494efb8f748db291&invt=2&secids=0.300059,1.000001,0.399001,1.000300,0.399005,0.399006,1.600030,1.601318,1.601099,1.603000,0.002261,1.601012,0.000858,0.000625,1.600031,1.600036,1.603767,0.300045,1.601127,0.002235,1.603270,0.000980,1.600280,0.000158,1.600257&fields=f2,f3,f4,f5,f6,f7,f21,f8,f9,f229,f230,f234,f12,f125,f232,f233,f348,f13,f14&cb=qa_wap_jsonpCB1693816201523 is fail, please check your url or params again.
JavaScript error: , line 0: uncaught exception: Your jsonp request to https://push2.eastmoney.com/api/qt/ulist.np/get?fltt=2&np=3&ut=a79f54e3d4c8d44e494efb8f748db291&invt=2&secids=0.300059,1.000001,0.399001,1.000300,0.399005,0.399006,1.600030,1.601318,1.601099,1.603000,0.002261,1.601012,0.000858,0.000625,1.600031,1.600036,1.603767,0.300045,1.601127,0.002235,1.603270,0.000980,1.600280,0.000158,1.600257&fields=f2,f3,f4,f5,f6,f7,f21,f8,f9,f229,f230,f234,f12,f125,f232,f233,f348,f13,f14&cb=qa_wap_jsonpCB1693816204860 is fail, please check your url or params again.
JavaScript error: , line 0: uncaught exception: Your jsonp request to https://push2.eastmoney.com/api/qt/ulist.np/get?fltt=2&np=3&ut=a79f54e3d4c8d44e494efb8f748db291&invt=2&secids=0.300059,1.000001,0.399001,1.000300,0.399005,0.399006,1.600030,1.601318,1.601099,1.603000,0.002261,1.601012,0.000858,0.000625,1.600031,1.600036,1.603767,0.300045,1.601127,0.002235,1.603270,0.000980,1.600280,0.000158,1.600257&fields=f2,f3,f4,f5,f6,f7,f21,f8,f9,f229,f230,f234,f12,f125,f232,f233,f348,f13,f14&cb=qa_wap_jsonpCB1693816204860 is fail, please check your url or params again.
JavaScript error: , line 0: uncaught exception: Your jsonp request to https://push2.eastmoney.com/api/qt/ulist.np/get?fltt=2&np=3&ut=a79f54e3d4c8d44e494efb8f748db291&invt=2&secids=0.300059,1.000001,0.399001,1.000300,0.399005,0.399006,1.600030,1.601318,1.601099,1.603000,0.002261,1.601012,0.000858,0.000625,1.600031,1.600036,1.603767,0.300045,1.601127,0.002235,1.603270,0.000980,1.600280,0.000158,1.600257&fields=f2,f3,f4,f5,f6,f7,f21,f8,f9,f229,f230,f234,f12,f125,f232,f233,f348,f13,f14&cb=qa_wap_jsonpCB1693816204860 is fail, please check your url or params again.
JavaScript error: , line 0: uncaught exception: Your jsonp request to https://push2.eastmoney.com/api/qt/ulist.np/get?fltt=2&np=3&ut=a79f54e3d4c8d44e494efb8f748db291&invt=2&secids=0.300059,1.000001,0.399001,1.000300,0.399005,0.399006,1.600030,1.601318,1.601099,1.603000,0.002261,1.601012,0.000858,0.000625,1.600031,1.600036,1.603767,0.300045,1.601127,0.002235,1.603270,0.000980,1.600280,0.000158,1.600257&fields=f2,f3,f4,f5,f6,f7,f21,f8,f9,f229,f230,f234,f12,f125,f232,f233,f348,f13,f14&cb=qa_wap_jsonpCB1693816204860 is fail, please check your url or params again.
JavaScript error: , line 0: uncaught exception: Your jsonp request to https://push2.eastmoney.com/api/qt/ulist.np/get?fltt=2&np=3&ut=a79f54e3d4c8d44e494efb8f748db291&invt=2&secids=0.300059,1.000001,0.399001,1.000300,0.399005,0.399006,1.600030,1.601318,1.601099,1.603000,0.002261,1.601012,0.000858,0.000625,1.600031,1.600036,1.603767,0.300045,1.601127,0.002235,1.603270,0.000980,1.600280,0.000158,1.600257&fields=f2,f3,f4,f5,f6,f7,f21,f8,f9,f229,f230,f234,f12,f125,f232,f233,f348,f13,f14&cb=qa_wap_jsonpCB1693816229202 is fail, please check your url or params again.
JavaScript error: , line 0: uncaught exception: Your jsonp request to https://push2.eastmoney.com/api/qt/ulist.np/get?fltt=2&np=3&ut=a79f54e3d4c8d44e494efb8f748db291&invt=2&secids=0.300059,1.000001,0.399001,1.000300,0.399005,0.399006,1.600030,1.601318,1.601099,1.603000,0.002261,1.601012,0.000858,0.000625,1.600031,1.600036,1.603767,0.300045,1.601127,0.002235,1.603270,0.000980,1.600280,0.000158,1.600257&fields=f2,f3,f4,f5,f6,f7,f21,f8,f9,f229,f230,f234,f12,f125,f232,f233,f348,f13,f14&cb=qa_wap_jsonpCB1693816229202 is fail, please check your url or params again.
JavaScript error: , line 0: uncaught exception: Your jsonp request to https://push2.eastmoney.com/api/qt/ulist.np/get?fltt=2&np=3&ut=a79f54e3d4c8d44e494efb8f748db291&invt=2&secids=0.300059,1.000001,0.399001,1.000300,0.399005,0.399006,1.600030,1.601318,1.601099,1.603000,0.002261,1.601012,0.000858,0.000625,1.600031,1.600036,1.603767,0.300045,1.601127,0.002235,1.603270,0.000980,1.600280,0.000158,1.600257&fields=f2,f3,f4,f5,f6,f7,f21,f8,f9,f229,f230,f234,f12,f125,f232,f233,f348,f13,f14&cb=qa_wap_jsonpCB1693816229202 is fail, please check your url or params again.
JavaScript error: , line 0: uncaught exception: Your jsonp request to https://push2.eastmoney.com/api/qt/ulist.np/get?fltt=2&np=3&ut=a79f54e3d4c8d44e494efb8f748db291&invt=2&secids=0.300059,1.000001,0.399001,1.000300,0.399005,0.399006,1.600030,1.601318,1.601099,1.603000,0.002261,1.601012,0.000858,0.000625,1.600031,1.600036,1.603767,0.300045,1.601127,0.002235,1.603270,0.000980,1.600280,0.000158,1.600257&fields=f2,f3,f4,f5,f6,f7,f21,f8,f9,f229,f230,f234,f12,f125,f232,f233,f348,f13,f14&cb=qa_wap_jsonpCB1693816229202 is fail, please check your url or params again.
JavaScript error: , line 0: uncaught exception: Your jsonp request to https://push2.eastmoney.com/api/qt/ulist.np/get?fltt=2&np=3&ut=a79f54e3d4c8d44e494efb8f748db291&invt=2&secids=0.300059,1.000001,0.399001,1.000300,0.399005,0.399006,1.600030,1.601318,1.601099,1.603000,0.002261,1.601012,0.000858,0.000625,1.600031,1.600036,1.603767,0.300045,1.601127,0.002235,1.603270,0.000980,1.600280,0.000158,1.600257&fields=f2,f3,f4,f5,f6,f7,f21,f8,f9,f229,f230,f234,f12,f125,f232,f233,f348,f13,f14&cb=qa_wap_jsonpCB1693816232356 is fail, please check your url or params again.
JavaScript error: , line 0: uncaught exception: Your jsonp request to https://push2.eastmoney.com/api/qt/ulist.np/get?fltt=2&np=3&ut=a79f54e3d4c8d44e494efb8f748db291&invt=2&secids=0.300059,1.000001,0.399001,1.000300,0.399005,0.399006,1.600030,1.601318,1.601099,1.603000,0.002261,1.601012,0.000858,0.000625,1.600031,1.600036,1.603767,0.300045,1.601127,0.002235,1.603270,0.000980,1.600280,0.000158,1.600257&fields=f2,f3,f4,f5,f6,f7,f21,f8,f9,f229,f230,f234,f12,f125,f232,f233,f348,f13,f14&cb=qa_wap_jsonpCB1693816232356 is fail, please check your url or params again.
JavaScript error: , line 0: uncaught exception: Your jsonp request to https://push2.eastmoney.com/api/qt/ulist.np/get?fltt=2&np=3&ut=a79f54e3d4c8d44e494efb8f748db291&invt=2&secids=0.300059,1.000001,0.399001,1.000300,0.399005,0.399006,1.600030,1.601318,1.601099,1.603000,0.002261,1.601012,0.000858,0.000625,1.600031,1.600036,1.603767,0.300045,1.601127,0.002235,1.603270,0.000980,1.600280,0.000158,1.600257&fields=f2,f3,f4,f5,f6,f7,f21,f8,f9,f229,f230,f234,f12,f125,f232,f233,f348,f13,f14&cb=qa_wap_jsonpCB1693816232356 is fail, please check your url or params again.
JavaScript error: , line 0: uncaught exception: Your jsonp request to https://push2.eastmoney.com/api/qt/ulist.np/get?fltt=2&np=3&ut=a79f54e3d4c8d44e494efb8f748db291&invt=2&secids=0.300059,1.000001,0.399001,1.000300,0.399005,0.399006,1.600030,1.601318,1.601099,1.603000,0.002261,1.601012,0.000858,0.000625,1.600031,1.600036,1.603767,0.300045,1.601127,0.002235,1.603270,0.000980,1.600280,0.000158,1.600257&fields=f2,f3,f4,f5,f6,f7,f21,f8,f9,f229,f230,f234,f12,f125,f232,f233,f348,f13,f14&cb=qa_wap_jsonpCB1693816232356 is fail, please check your url or params again.
JavaScript error: , line 0: uncaught exception: Your jsonp request to https://push2.eastmoney.com/api/qt/ulist.np/get?fltt=2&np=3&ut=a79f54e3d4c8d44e494efb8f748db291&invt=2&secids=0.300059,1.000001,0.399001,1.000300,0.399005,0.399006,1.600030,1.601318,1.601099,1.603000,0.002261,1.601012,0.000858,0.000625,1.600031,1.600036,1.603767,0.300045,1.601127,0.002235,1.603270,0.000980,1.600280,0.000158,1.600257&fields=f2,f3,f4,f5,f6,f7,f21,f8,f9,f229,f230,f234,f12,f125,f232,f233,f348,f13,f14&cb=qa_wap_jsonpCB1693816236109 is fail, please check your url or params again.
JavaScript error: , line 0: uncaught exception: Your jsonp request to https://push2.eastmoney.com/api/qt/ulist.np/get?fltt=2&np=3&ut=a79f54e3d4c8d44e494efb8f748db291&invt=2&secids=0.300059,1.000001,0.399001,1.000300,0.399005,0.399006,1.600030,1.601318,1.601099,1.603000,0.002261,1.601012,0.000858,0.000625,1.600031,1.600036,1.603767,0.300045,1.601127,0.002235,1.603270,0.000980,1.600280,0.000158,1.600257&fields=f2,f3,f4,f5,f6,f7,f21,f8,f9,f229,f230,f234,f12,f125,f232,f233,f348,f13,f14&cb=qa_wap_jsonpCB1693816236109 is fail, please check your url or params again.
JavaScript error: , line 0: uncaught exception: Your jsonp request to https://push2.eastmoney.com/api/qt/ulist.np/get?fltt=2&np=3&ut=a79f54e3d4c8d44e494efb8f748db291&invt=2&secids=0.300059,1.000001,0.399001,1.000300,0.399005,0.399006,1.600030,1.601318,1.601099,1.603000,0.002261,1.601012,0.000858,0.000625,1.600031,1.600036,1.603767,0.300045,1.601127,0.002235,1.603270,0.000980,1.600280,0.000158,1.600257&fields=f2,f3,f4,f5,f6,f7,f21,f8,f9,f229,f230,f234,f12,f125,f232,f233,f348,f13,f14&cb=qa_wap_jsonpCB1693816236109 is fail, please check your url or params again.
JavaScript error: , line 0: uncaught exception: Your jsonp request to https://push2.eastmoney.com/api/qt/ulist.np/get?fltt=2&np=3&ut=a79f54e3d4c8d44e494efb8f748db291&invt=2&secids=0.300059,1.000001,0.399001,1.000300,0.399005,0.399006,1.600030,1.601318,1.601099,1.603000,0.002261,1.601012,0.000858,0.000625,1.600031,1.600036,1.603767,0.300045,1.601127,0.002235,1.603270,0.000980,1.600280,0.000158,1.600257&fields=f2,f3,f4,f5,f6,f7,f21,f8,f9,f229,f230,f234,f12,f125,f232,f233,f348,f13,f14&cb=qa_wap_jsonpCB1693816236109 is fail, please check your url or params again.
JavaScript error: , line 0: uncaught exception: Your jsonp request to https://push2.eastmoney.com/api/qt/ulist.np/get?fltt=2&np=3&ut=a79f54e3d4c8d44e494efb8f748db291&invt=2&secids=0.300059,1.000001,0.399001,1.000300,0.399005,0.399006,1.600030,1.601318,1.601099,1.603000,0.002261,1.601012,0.000858,0.000625,1.600031,1.600036,1.603767,0.300045,1.601127,0.002235,1.603270,0.000980,1.600280,0.000158,1.600257&fields=f2,f3,f4,f5,f6,f7,f21,f8,f9,f229,f230,f234,f12,f125,f232,f233,f348,f13,f14&cb=qa_wap_jsonpCB1693816239033 is fail, please check your url or params again.
JavaScript error: , line 0: uncaught exception: Your jsonp request to https://push2.eastmoney.com/api/qt/ulist.np/get?fltt=2&np=3&ut=a79f54e3d4c8d44e494efb8f748db291&invt=2&secids=0.300059,1.000001,0.399001,1.000300,0.399005,0.399006,1.600030,1.601318,1.601099,1.603000,0.002261,1.601012,0.000858,0.000625,1.600031,1.600036,1.603767,0.300045,1.601127,0.002235,1.603270,0.000980,1.600280,0.000158,1.600257&fields=f2,f3,f4,f5,f6,f7,f21,f8,f9,f229,f230,f234,f12,f125,f232,f233,f348,f13,f14&cb=qa_wap_jsonpCB1693816239033 is fail, please check your url or params again.
JavaScript error: , line 0: uncaught exception: Your jsonp request to https://push2.eastmoney.com/api/qt/ulist.np/get?fltt=2&np=3&ut=a79f54e3d4c8d44e494efb8f748db291&invt=2&secids=0.300059,1.000001,0.399001,1.000300,0.399005,0.399006,1.600030,1.601318,1.601099,1.603000,0.002261,1.601012,0.000858,0.000625,1.600031,1.600036,1.603767,0.300045,1.601127,0.002235,1.603270,0.000980,1.600280,0.000158,1.600257&fields=f2,f3,f4,f5,f6,f7,f21,f8,f9,f229,f230,f234,f12,f125,f232,f233,f348,f13,f14&cb=qa_wap_jsonpCB1693816239033 is fail, please check your url or params again.
JavaScript error: , line 0: uncaught exception: Your jsonp request to https://push2.eastmoney.com/api/qt/ulist.np/get?fltt=2&np=3&ut=a79f54e3d4c8d44e494efb8f748db291&invt=2&secids=0.300059,1.000001,0.399001,1.000300,0.399005,0.399006,1.600030,1.601318,1.601099,1.603000,0.002261,1.601012,0.000858,0.000625,1.600031,1.600036,1.603767,0.300045,1.601127,0.002235,1.603270,0.000980,1.600280,0.000158,1.600257&fields=f2,f3,f4,f5,f6,f7,f21,f8,f9,f229,f230,f234,f12,f125,f232,f233,f348,f13,f14&cb=qa_wap_jsonpCB1693816239033 is fail, please check your url or params again.
1693821057504	geckodriver	INFO	Listening on 127.0.0.1:14131
1693821060541	mozrunner::runner	INFO	Running command: "C:\\Program Files\\Mozilla Firefox\\firefox.exe" "--marionette" "--remote-debugging-port" "14132" "--remote-allow-hosts" "localhost" "-no-remote" "-profile" "D:\\Temp\\rust_mozprofileVsBwpT"
console.warn: services.settings: Ignoring preference override of remote settings server
console.warn: services.settings: Allow by setting MOZ_REMOTE_SETTINGS_DEVTOOLS=1 in the environment
1693821060864	Marionette	INFO	Marionette enabled
Dynamically enable window occlusion 0
1693821060924	Marionette	INFO	Listening on port 14140
WebDriver BiDi listening on ws://127.0.0.1:14132
Read port: 14140
1693821061087	RemoteAgent	WARN	TLS certificate errors will be ignored for this session
DevTools listening on ws://127.0.0.1:14132/devtools/browser/ae9b72c5-20c7-4d20-b972-ab7611d9212b
1693821128313	Marionette	INFO	Stopped listening on port 14140
Dynamically enable window occlusion 1
[Parent 23060, IPC I/O Parent] WARNING: DuplicateHandle failed for handle 0 in TransferHandles: file /builds/worker/checkouts/gecko/ipc/chromium/src/chrome/common/ipc_channel_win.cc:621
[GPU 23140, IPC I/O Child] WARNING: pipe error: 232: file /builds/worker/checkouts/gecko/ipc/chromium/src/chrome/common/ipc_channel_win.cc:443
[Parent 23060, IPC I/O Parent] WARNING: DuplicateHandle failed for handle 0 in TransferHandles: file /builds/worker/checkouts/gecko/ipc/chromium/src/chrome/common/ipc_channel_win.cc:621
[GPU 23140, IPC I/O Child] WARNING: pipe error: 232: file /builds/worker/checkouts/gecko/ipc/chromium/src/chrome/common/ipc_channel_win.cc:443
[Parent 23060, IPC I/O Parent] WARNING: DuplicateHandle failed for handle 0 in TransferHandles: file /builds/worker/checkouts/gecko/ipc/chromium/src/chrome/common/ipc_channel_win.cc:621
[GPU 23140, IPC I/O Child] WARNING: pipe error: 232: file /builds/worker/checkouts/gecko/ipc/chromium/src/chrome/common/ipc_channel_win.cc:443
[Parent 23060, IPC I/O Parent] WARNING: DuplicateHandle failed for handle 0 in TransferHandles: file /builds/worker/checkouts/gecko/ipc/chromium/src/chrome/common/ipc_channel_win.cc:621
[GPU 23140, IPC I/O Child] WARNING: pipe error: 232: file /builds/worker/checkouts/gecko/ipc/chromium/src/chrome/common/ipc_channel_win.cc:443
